computeProjection starting on 2024/4/10 17:35:48.3 
Hostname Zachs-MacBook-Pro-2.local
 
Path /Users/zachgrunes/Downloads/NLSA-master/examples/co2/data/nlsa/processed_data_den/CO2_x1-1_y1-1_mlo_197601-202211_idxE1-+1-48_idxT48-563/CO2_x1-1_y1-1_mlo_197601-202211_idxE1-+1-48_idxT48-563/l2_nN516/d5_eps1_b2_lLim-40-40_nL200_kNN50_idxE1_idxT1-516/l2_pwr_p0.2_nN516/nNS516/alpha0.50_eps1_b2_lLim-40-40_nL200_bs_nPhi201/central_fdOrd4_dt1_asym_idxPhi1-+1-201_diff_inv_eps0.0001/CO2_x1-1_y1-1_mlo_197601-202211_idxE1_idxT48-563 
Number of samples                       = 516 
Number of realizations                  = 1 
Number of components                    = 1 
Number of batches                       = 1 
Max batch size                          = 516 
Min batch size                          = 516 
Max compoment embedding space dimension = 1 
Min component embedding space dimension = 1 
Max number of basis functions           = 201 
Min number of basis functions           = 201 
----------------------------------------- 
READPHI number of samples 516, number of eigenfunctions 201, 0.0132 
ALLOCA, component 1, 1 0.0001 
READX, component 1/1, realization 1/1, local batch 1/1, global batch 1/1 0.0023 
PROJ 516 samples, embedding space dimension 1 0.0014
WRITEA, component 1, 1 0.0026 
computeProjection finished on 2024/4/10 17:35:48.3 
